{"/Users/manisha-j/personal-pro/senior-set/ts-express-rest/src/index.ts": {"path":"/Users/manisha-j/personal-pro/senior-set/ts-express-rest/src/index.ts","statementMap":{"0":{"start":{"line":15,"column":0},"end":{"line":15,"column":30}},"1":{"start":{"line":16,"column":0},"end":{"line":16,"column":28}},"2":{"start":{"line":17,"column":0},"end":{"line":17,"column":41}},"3":{"start":{"line":18,"column":0},"end":{"line":18,"column":43}},"4":{"start":{"line":19,"column":0},"end":{"line":19,"column":59}},"5":{"start":{"line":20,"column":0},"end":{"line":20,"column":51}},"6":{"start":{"line":21,"column":0},"end":{"line":21,"column":62}},"7":{"start":{"line":22,"column":0},"end":{"line":22,"column":59}},"8":{"start":{"line":23,"column":0},"end":{"line":23,"column":24}},"9":{"start":{"line":25,"column":0},"end":{"line":25,"column":16}},"10":{"start":{"line":27,"column":31},"end":{"line":46,"column":1}},"11":{"start":{"line":28,"column":16},"end":{"line":28,"column":59}},"12":{"start":{"line":29,"column":14},"end":{"line":29,"column":23}},"13":{"start":{"line":31,"column":2},"end":{"line":31,"column":26}},"14":{"start":{"line":32,"column":2},"end":{"line":32,"column":18}},"15":{"start":{"line":34,"column":2},"end":{"line":34,"column":27}},"16":{"start":{"line":35,"column":2},"end":{"line":35,"column":27}},"17":{"start":{"line":36,"column":2},"end":{"line":40,"column":4}},"18":{"start":{"line":42,"column":2},"end":{"line":45,"column":5}},"19":{"start":{"line":42,"column":42},"end":{"line":45,"column":4}},"20":{"start":{"line":43,"column":4},"end":{"line":43,"column":73}},"21":{"start":{"line":44,"column":4},"end":{"line":44,"column":42}},"22":{"start":{"line":27,"column":13},"end":{"line":27,"column":31}},"23":{"start":{"line":48,"column":0},"end":{"line":50,"column":3}},"24":{"start":{"line":49,"column":2},"end":{"line":49,"column":18}},"25":{"start":{"line":52,"column":0},"end":{"line":52,"column":18}}},"fnMap":{"0":{"name":"(anonymous_8)","decl":{"start":{"line":27,"column":31},"end":{"line":27,"column":34}},"loc":{"start":{"line":27,"column":36},"end":{"line":46,"column":1}}},"1":{"name":"(anonymous_9)","decl":{"start":{"line":42,"column":31},"end":{"line":42,"column":40}},"loc":{"start":{"line":42,"column":42},"end":{"line":45,"column":4}}},"2":{"name":"(anonymous_10)","decl":{"start":{"line":42,"column":42},"end":{"line":42,"column":null}},"loc":{"start":{"line":42,"column":42},"end":{"line":45,"column":3}}},"3":{"name":"(anonymous_11)","decl":{"start":{"line":48,"column":34},"end":{"line":48,"column":37}},"loc":{"start":{"line":48,"column":39},"end":{"line":50,"column":1}}}},"branchMap":{"0":{"loc":{"start":{"line":48,"column":11},"end":{"line":48,"column":32}},"type":"binary-expr","locations":[{"start":{"line":48,"column":11},"end":{"line":48,"column":19}},{"start":{"line":48,"column":23},"end":{"line":48,"column":32}}]}},"s":{"0":1,"1":1,"2":1,"3":1,"4":1,"5":1,"6":1,"7":1,"8":1,"9":1,"10":1,"11":2,"12":2,"13":2,"14":2,"15":2,"16":2,"17":2,"18":2,"19":0,"20":0,"21":0,"22":1,"23":1,"24":0,"25":1},"f":{"0":2,"1":0,"2":0,"3":0},"b":{"0":[1,0]}}
,"/Users/manisha-j/personal-pro/senior-set/ts-express-rest/src/common/config/constants.ts": {"path":"/Users/manisha-j/personal-pro/senior-set/ts-express-rest/src/common/config/constants.ts","statementMap":{"0":{"start":{"line":11,"column":0},"end":{"line":11,"column":62}},"1":{"start":{"line":13,"column":24},"end":{"line":13,"column":35}},"2":{"start":{"line":15,"column":0},"end":{"line":15,"column":13}},"3":{"start":{"line":16,"column":9},"end":{"line":44,"column":4}},"4":{"start":{"line":46,"column":9},"end":{"line":52,"column":4}},"5":{"start":{"line":54,"column":9},"end":{"line":54,"column":36}},"6":{"start":{"line":55,"column":9},"end":{"line":55,"column":41}},"7":{"start":{"line":56,"column":9},"end":{"line":56,"column":33}},"8":{"start":{"line":57,"column":9},"end":{"line":57,"column":30}}},"fnMap":{},"branchMap":{},"s":{"0":2,"1":2,"2":2,"3":2,"4":2,"5":2,"6":2,"7":2,"8":2},"f":{},"b":{}}
,"/Users/manisha-j/personal-pro/senior-set/ts-express-rest/src/common/config/messages.ts": {"path":"/Users/manisha-j/personal-pro/senior-set/ts-express-rest/src/common/config/messages.ts","statementMap":{"0":{"start":{"line":11,"column":0},"end":{"line":11,"column":13}},"1":{"start":{"line":12,"column":9},"end":{"line":50,"column":4}}},"fnMap":{},"branchMap":{},"s":{"0":6,"1":6},"f":{},"b":{}}
,"/Users/manisha-j/personal-pro/senior-set/ts-express-rest/src/common/config/status-codes.ts": {"path":"/Users/manisha-j/personal-pro/senior-set/ts-express-rest/src/common/config/status-codes.ts","statementMap":{"0":{"start":{"line":11,"column":0},"end":{"line":11,"column":13}},"1":{"start":{"line":12,"column":9},"end":{"line":27,"column":4}}},"fnMap":{},"branchMap":{},"s":{"0":6,"1":6},"f":{},"b":{}}
,"/Users/manisha-j/personal-pro/senior-set/ts-express-rest/src/common/middleware/auth/auth.middleware.ts": {"path":"/Users/manisha-j/personal-pro/senior-set/ts-express-rest/src/common/middleware/auth/auth.middleware.ts","statementMap":{"0":{"start":{"line":11,"column":0},"end":{"line":11,"column":31}},"1":{"start":{"line":12,"column":0},"end":{"line":12,"column":55}},"2":{"start":{"line":13,"column":0},"end":{"line":13,"column":54}},"3":{"start":{"line":14,"column":0},"end":{"line":14,"column":61}},"4":{"start":{"line":16,"column":24},"end":{"line":16,"column":46}},"5":{"start":{"line":18,"column":0},"end":{"line":18,"column":13}},"6":{"start":{"line":27,"column":9},"end":{"line":52,"column":4}},"7":{"start":{"line":28,"column":18},"end":{"line":28,"column":45}},"8":{"start":{"line":29,"column":4},"end":{"line":37,"column":5}},"9":{"start":{"line":30,"column":6},"end":{"line":36,"column":8}},"10":{"start":{"line":38,"column":4},"end":{"line":51,"column":5}},"11":{"start":{"line":39,"column":22},"end":{"line":39,"column":65}},"12":{"start":{"line":40,"column":6},"end":{"line":40,"column":25}},"13":{"start":{"line":41,"column":6},"end":{"line":41,"column":13}},"14":{"start":{"line":43,"column":6},"end":{"line":43,"column":27}},"15":{"start":{"line":44,"column":6},"end":{"line":50,"column":8}},"16":{"start":{"line":54,"column":9},"end":{"line":57,"column":4}},"17":{"start":{"line":56,"column":4},"end":{"line":56,"column":11}}},"fnMap":{"0":{"name":"(anonymous_1)","decl":{"start":{"line":27,"column":28},"end":{"line":27,"column":29}},"loc":{"start":{"line":27,"column":62},"end":{"line":52,"column":3}}},"1":{"name":"(anonymous_2)","decl":{"start":{"line":54,"column":25},"end":{"line":54,"column":26}},"loc":{"start":{"line":54,"column":59},"end":{"line":57,"column":3}}}},"branchMap":{"0":{"loc":{"start":{"line":29,"column":4},"end":{"line":37,"column":5}},"type":"if","locations":[{"start":{"line":29,"column":4},"end":{"line":37,"column":5}}]}},"s":{"0":1,"1":1,"2":1,"3":1,"4":1,"5":1,"6":1,"7":3,"8":3,"9":1,"10":2,"11":2,"12":1,"13":1,"14":1,"15":1,"16":1,"17":1},"f":{"0":3,"1":1},"b":{"0":[1]}}
,"/Users/manisha-j/personal-pro/senior-set/ts-express-rest/src/common/utils/format-repsonse.ts": {"path":"/Users/manisha-j/personal-pro/senior-set/ts-express-rest/src/common/utils/format-repsonse.ts","statementMap":{"0":{"start":{"line":13,"column":0},"end":{"line":13,"column":52}},"1":{"start":{"line":14,"column":0},"end":{"line":14,"column":51}},"2":{"start":{"line":17,"column":0},"end":{"line":17,"column":13}},"3":{"start":{"line":28,"column":9},"end":{"line":28,"column":24}},"4":{"start":{"line":34,"column":6},"end":{"line":57,"column":4}},"5":{"start":{"line":35,"column":4},"end":{"line":56,"column":5}},"6":{"start":{"line":36,"column":6},"end":{"line":42,"column":7}},"7":{"start":{"line":37,"column":8},"end":{"line":41,"column":11}},"8":{"start":{"line":43,"column":6},"end":{"line":48,"column":9}},"9":{"start":{"line":50,"column":6},"end":{"line":55,"column":9}},"10":{"start":{"line":66,"column":9},"end":{"line":66,"column":29}},"11":{"start":{"line":71,"column":4},"end":{"line":75,"column":6}},"12":{"start":{"line":86,"column":9},"end":{"line":86,"column":31}},"13":{"start":{"line":91,"column":4},"end":{"line":95,"column":6}}},"fnMap":{"0":{"name":"(anonymous_7)","decl":{"start":{"line":28,"column":24},"end":{"line":28,"column":null}},"loc":{"start":{"line":34,"column":6},"end":{"line":57,"column":4}}},"1":{"name":"(anonymous_8)","decl":{"start":{"line":34,"column":6},"end":{"line":34,"column":null}},"loc":{"start":{"line":34,"column":6},"end":{"line":57,"column":3}}},"2":{"name":"(anonymous_9)","decl":{"start":{"line":66,"column":29},"end":{"line":66,"column":null}},"loc":{"start":{"line":70,"column":20},"end":{"line":76,"column":null}}},"3":{"name":"(anonymous_10)","decl":{"start":{"line":86,"column":31},"end":{"line":86,"column":null}},"loc":{"start":{"line":90,"column":20},"end":{"line":96,"column":null}}}},"branchMap":{"0":{"loc":{"start":{"line":36,"column":6},"end":{"line":42,"column":7}},"type":"if","locations":[{"start":{"line":36,"column":6},"end":{"line":42,"column":7}}]}},"s":{"0":2,"1":2,"2":2,"3":2,"4":4,"5":4,"6":4,"7":3,"8":1,"9":0,"10":2,"11":1,"12":2,"13":1},"f":{"0":4,"1":4,"2":1,"3":1},"b":{"0":[3]}}
,"/Users/manisha-j/personal-pro/senior-set/ts-express-rest/src/common/utils/logger.ts": {"path":"/Users/manisha-j/personal-pro/senior-set/ts-express-rest/src/common/utils/logger.ts","statementMap":{"0":{"start":{"line":13,"column":0},"end":{"line":13,"column":42}},"1":{"start":{"line":14,"column":0},"end":{"line":14,"column":56}},"2":{"start":{"line":16,"column":62},"end":{"line":24,"column":2}},"3":{"start":{"line":36,"column":35},"end":{"line":43,"column":2}},"4":{"start":{"line":45,"column":15},"end":{"line":64,"column":2}},"5":{"start":{"line":52,"column":6},"end":{"line":52,"column":18}},"6":{"start":{"line":54,"column":2},"end":{"line":54,"column":30}},"7":{"start":{"line":55,"column":2},"end":{"line":55,"column":30}},"8":{"start":{"line":56,"column":2},"end":{"line":56,"column":23}},"9":{"start":{"line":57,"column":2},"end":{"line":62,"column":3}},"10":{"start":{"line":58,"column":4},"end":{"line":58,"column":72}},"11":{"start":{"line":59,"column":4},"end":{"line":59,"column":38}},"12":{"start":{"line":61,"column":4},"end":{"line":61,"column":38}},"13":{"start":{"line":63,"column":2},"end":{"line":63,"column":14}},"14":{"start":{"line":67,"column":43},"end":{"line":76,"column":2}},"15":{"start":{"line":78,"column":33},"end":{"line":80,"column":1}},"16":{"start":{"line":79,"column":2},"end":{"line":79,"column":65}},"17":{"start":{"line":78,"column":13},"end":{"line":78,"column":33}},"18":{"start":{"line":81,"column":0},"end":{"line":81,"column":22}}},"fnMap":{"0":{"name":"(anonymous_7)","decl":{"start":{"line":45,"column":22},"end":{"line":45,"column":23}},"loc":{"start":{"line":45,"column":37},"end":{"line":64,"column":1}}},"1":{"name":"(anonymous_8)","decl":{"start":{"line":78,"column":33},"end":{"line":78,"column":34}},"loc":{"start":{"line":78,"column":55},"end":{"line":80,"column":1}}}},"branchMap":{"0":{"loc":{"start":{"line":47,"column":4},"end":{"line":47,"column":18}},"type":"default-arg","locations":[{"start":{"line":47,"column":16},"end":{"line":47,"column":18}}]},"1":{"loc":{"start":{"line":48,"column":4},"end":{"line":48,"column":22}},"type":"default-arg","locations":[{"start":{"line":48,"column":20},"end":{"line":48,"column":22}}]},"2":{"loc":{"start":{"line":49,"column":4},"end":{"line":49,"column":15}},"type":"default-arg","locations":[{"start":{"line":49,"column":13},"end":{"line":49,"column":15}}]},"3":{"loc":{"start":{"line":50,"column":4},"end":{"line":50,"column":14}},"type":"default-arg","locations":[{"start":{"line":50,"column":12},"end":{"line":50,"column":14}}]},"4":{"loc":{"start":{"line":51,"column":4},"end":{"line":51,"column":20}},"type":"default-arg","locations":[{"start":{"line":51,"column":18},"end":{"line":51,"column":20}}]},"5":{"loc":{"start":{"line":57,"column":2},"end":{"line":62,"column":3}},"type":"if","locations":[{"start":{"line":57,"column":2},"end":{"line":62,"column":3}},{"start":{"line":60,"column":9},"end":{"line":62,"column":3}}]},"6":{"loc":{"start":{"line":58,"column":20},"end":{"line":58,"column":69}},"type":"binary-expr","locations":[{"start":{"line":58,"column":20},"end":{"line":58,"column":53}},{"start":{"line":58,"column":53},"end":{"line":58,"column":69}}]},"7":{"loc":{"start":{"line":58,"column":20},"end":{"line":58,"column":34}},"type":"cond-expr","locations":[{"start":{"line":58,"column":25},"end":{"line":58,"column":27}},{"start":{"line":58,"column":20},"end":{"line":58,"column":34}}]},"8":{"loc":{"start":{"line":58,"column":20},"end":{"line":58,"column":27}},"type":"binary-expr","locations":[{"start":{"line":58,"column":20},"end":{"line":58,"column":27}},{"start":{"line":58,"column":20},"end":{"line":58,"column":27}}]},"9":{"loc":{"start":{"line":58,"column":37},"end":{"line":58,"column":49}},"type":"cond-expr","locations":[{"start":{"line":58,"column":42},"end":{"line":58,"column":44}},{"start":{"line":58,"column":37},"end":{"line":58,"column":49}}]},"10":{"loc":{"start":{"line":58,"column":37},"end":{"line":58,"column":44}},"type":"binary-expr","locations":[{"start":{"line":58,"column":37},"end":{"line":58,"column":44}},{"start":{"line":58,"column":37},"end":{"line":58,"column":44}}]}},"s":{"0":1,"1":1,"2":1,"3":1,"4":1,"5":8,"6":8,"7":8,"8":8,"9":8,"10":0,"11":0,"12":8,"13":8,"14":1,"15":1,"16":1,"17":1,"18":1},"f":{"0":8,"1":1},"b":{"0":[8],"1":[8],"2":[8],"3":[8],"4":[8],"5":[0,8],"6":[0,0],"7":[0,0],"8":[0,0],"9":[0,0],"10":[0,0]}}
,"/Users/manisha-j/personal-pro/senior-set/ts-express-rest/src/common/utils/mongo-db.ts": {"path":"/Users/manisha-j/personal-pro/senior-set/ts-express-rest/src/common/utils/mongo-db.ts","statementMap":{"0":{"start":{"line":13,"column":0},"end":{"line":13,"column":32}},"1":{"start":{"line":15,"column":0},"end":{"line":15,"column":62}},"2":{"start":{"line":17,"column":23},"end":{"line":17,"column":44}},"3":{"start":{"line":19,"column":0},"end":{"line":19,"column":13}},"4":{"start":{"line":25,"column":9},"end":{"line":25,"column":26}},"5":{"start":{"line":25,"column":37},"end":{"line":33,"column":4}},"6":{"start":{"line":26,"column":4},"end":{"line":32,"column":5}},"7":{"start":{"line":27,"column":6},"end":{"line":27,"column":34}},"8":{"start":{"line":28,"column":6},"end":{"line":28,"column":52}},"9":{"start":{"line":30,"column":6},"end":{"line":30,"column":25}},"10":{"start":{"line":31,"column":6},"end":{"line":31,"column":29}}},"fnMap":{"0":{"name":"(anonymous_8)","decl":{"start":{"line":25,"column":26},"end":{"line":25,"column":35}},"loc":{"start":{"line":25,"column":37},"end":{"line":33,"column":4}}},"1":{"name":"(anonymous_9)","decl":{"start":{"line":25,"column":37},"end":{"line":25,"column":null}},"loc":{"start":{"line":25,"column":37},"end":{"line":33,"column":3}}}},"branchMap":{},"s":{"0":1,"1":1,"2":1,"3":1,"4":1,"5":2,"6":2,"7":2,"8":2,"9":0,"10":0},"f":{"0":2,"1":2},"b":{}}
,"/Users/manisha-j/personal-pro/senior-set/ts-express-rest/src/template/controllers/template.controllers.ts": {"path":"/Users/manisha-j/personal-pro/senior-set/ts-express-rest/src/template/controllers/template.controllers.ts","statementMap":{"0":{"start":{"line":13,"column":0},"end":{"line":13,"column":62}},"1":{"start":{"line":14,"column":0},"end":{"line":14,"column":61}},"2":{"start":{"line":15,"column":0},"end":{"line":15,"column":64}},"3":{"start":{"line":16,"column":0},"end":{"line":16,"column":68}},"4":{"start":{"line":19,"column":0},"end":{"line":19,"column":13}},"5":{"start":{"line":28,"column":9},"end":{"line":28,"column":34}},"6":{"start":{"line":28,"column":72},"end":{"line":41,"column":4}},"7":{"start":{"line":29,"column":4},"end":{"line":40,"column":5}},"8":{"start":{"line":30,"column":6},"end":{"line":34,"column":9}},"9":{"start":{"line":36,"column":6},"end":{"line":39,"column":9}},"10":{"start":{"line":51,"column":9},"end":{"line":51,"column":22}},"11":{"start":{"line":51,"column":74},"end":{"line":72,"column":4}},"12":{"start":{"line":52,"column":4},"end":{"line":71,"column":5}},"13":{"start":{"line":53,"column":37},"end":{"line":54,"column":null}},"14":{"start":{"line":56,"column":6},"end":{"line":62,"column":8}},"15":{"start":{"line":64,"column":6},"end":{"line":70,"column":8}},"16":{"start":{"line":82,"column":9},"end":{"line":82,"column":20}},"17":{"start":{"line":82,"column":72},"end":{"line":101,"column":4}},"18":{"start":{"line":83,"column":4},"end":{"line":100,"column":5}},"19":{"start":{"line":84,"column":37},"end":{"line":84,"column":70}},"20":{"start":{"line":85,"column":6},"end":{"line":91,"column":8}},"21":{"start":{"line":93,"column":6},"end":{"line":99,"column":8}},"22":{"start":{"line":111,"column":9},"end":{"line":111,"column":22}},"23":{"start":{"line":111,"column":74},"end":{"line":132,"column":4}},"24":{"start":{"line":112,"column":4},"end":{"line":131,"column":5}},"25":{"start":{"line":113,"column":37},"end":{"line":114,"column":null}},"26":{"start":{"line":116,"column":6},"end":{"line":122,"column":8}},"27":{"start":{"line":124,"column":6},"end":{"line":130,"column":8}},"28":{"start":{"line":142,"column":9},"end":{"line":142,"column":22}},"29":{"start":{"line":142,"column":74},"end":{"line":164,"column":4}},"30":{"start":{"line":143,"column":4},"end":{"line":163,"column":5}},"31":{"start":{"line":144,"column":37},"end":{"line":146,"column":null}},"32":{"start":{"line":148,"column":6},"end":{"line":154,"column":8}},"33":{"start":{"line":156,"column":6},"end":{"line":162,"column":8}}},"fnMap":{"0":{"name":"(anonymous_7)","decl":{"start":{"line":28,"column":34},"end":{"line":28,"column":41}},"loc":{"start":{"line":28,"column":72},"end":{"line":41,"column":4}}},"1":{"name":"(anonymous_8)","decl":{"start":{"line":28,"column":72},"end":{"line":28,"column":null}},"loc":{"start":{"line":28,"column":72},"end":{"line":41,"column":3}}},"2":{"name":"(anonymous_9)","decl":{"start":{"line":51,"column":22},"end":{"line":51,"column":29}},"loc":{"start":{"line":51,"column":74},"end":{"line":72,"column":4}}},"3":{"name":"(anonymous_10)","decl":{"start":{"line":51,"column":74},"end":{"line":51,"column":null}},"loc":{"start":{"line":51,"column":74},"end":{"line":72,"column":3}}},"4":{"name":"(anonymous_11)","decl":{"start":{"line":82,"column":20},"end":{"line":82,"column":27}},"loc":{"start":{"line":82,"column":72},"end":{"line":101,"column":4}}},"5":{"name":"(anonymous_12)","decl":{"start":{"line":82,"column":72},"end":{"line":82,"column":null}},"loc":{"start":{"line":82,"column":72},"end":{"line":101,"column":3}}},"6":{"name":"(anonymous_13)","decl":{"start":{"line":111,"column":22},"end":{"line":111,"column":29}},"loc":{"start":{"line":111,"column":74},"end":{"line":132,"column":4}}},"7":{"name":"(anonymous_14)","decl":{"start":{"line":111,"column":74},"end":{"line":111,"column":null}},"loc":{"start":{"line":111,"column":74},"end":{"line":132,"column":3}}},"8":{"name":"(anonymous_15)","decl":{"start":{"line":142,"column":22},"end":{"line":142,"column":29}},"loc":{"start":{"line":142,"column":74},"end":{"line":164,"column":4}}},"9":{"name":"(anonymous_16)","decl":{"start":{"line":142,"column":74},"end":{"line":142,"column":null}},"loc":{"start":{"line":142,"column":74},"end":{"line":164,"column":3}}}},"branchMap":{},"s":{"0":1,"1":1,"2":1,"3":1,"4":1,"5":1,"6":1,"7":1,"8":1,"9":0,"10":1,"11":2,"12":2,"13":2,"14":1,"15":1,"16":1,"17":2,"18":2,"19":2,"20":2,"21":0,"22":1,"23":2,"24":2,"25":2,"26":1,"27":1,"28":1,"29":2,"30":2,"31":2,"32":0,"33":2},"f":{"0":1,"1":1,"2":2,"3":2,"4":2,"5":2,"6":2,"7":2,"8":2,"9":2},"b":{}}
,"/Users/manisha-j/personal-pro/senior-set/ts-express-rest/src/template/routes/template.routes.ts": {"path":"/Users/manisha-j/personal-pro/senior-set/ts-express-rest/src/template/routes/template.routes.ts","statementMap":{"0":{"start":{"line":12,"column":0},"end":{"line":12,"column":33}},"1":{"start":{"line":13,"column":0},"end":{"line":13,"column":63}},"2":{"start":{"line":14,"column":0},"end":{"line":14,"column":73}},"3":{"start":{"line":15,"column":19},"end":{"line":15,"column":27}},"4":{"start":{"line":82,"column":0},"end":{"line":85,"column":2}},"5":{"start":{"line":168,"column":0},"end":{"line":171,"column":2}},"6":{"start":{"line":259,"column":0},"end":{"line":262,"column":2}},"7":{"start":{"line":337,"column":0},"end":{"line":340,"column":2}},"8":{"start":{"line":342,"column":0},"end":{"line":342,"column":26}}},"fnMap":{},"branchMap":{},"s":{"0":1,"1":1,"2":1,"3":1,"4":1,"5":1,"6":1,"7":1,"8":1},"f":{},"b":{}}
,"/Users/manisha-j/personal-pro/senior-set/ts-express-rest/src/template/services/template.services.ts": {"path":"/Users/manisha-j/personal-pro/senior-set/ts-express-rest/src/template/services/template.services.ts","statementMap":{"0":{"start":{"line":13,"column":0},"end":{"line":13,"column":61}},"1":{"start":{"line":14,"column":0},"end":{"line":14,"column":62}},"2":{"start":{"line":16,"column":0},"end":{"line":16,"column":68}},"3":{"start":{"line":18,"column":0},"end":{"line":18,"column":13}},"4":{"start":{"line":26,"column":9},"end":{"line":26,"column":19}},"5":{"start":{"line":26,"column":65},"end":{"line":41,"column":4}},"6":{"start":{"line":27,"column":4},"end":{"line":40,"column":5}},"7":{"start":{"line":29,"column":6},"end":{"line":33,"column":8}},"8":{"start":{"line":35,"column":6},"end":{"line":39,"column":8}},"9":{"start":{"line":51,"column":9},"end":{"line":51,"column":22}},"10":{"start":{"line":54,"column":29},"end":{"line":69,"column":4}},"11":{"start":{"line":55,"column":4},"end":{"line":68,"column":5}},"12":{"start":{"line":57,"column":6},"end":{"line":61,"column":8}},"13":{"start":{"line":63,"column":6},"end":{"line":67,"column":8}},"14":{"start":{"line":78,"column":9},"end":{"line":78,"column":22}},"15":{"start":{"line":78,"column":68},"end":{"line":93,"column":4}},"16":{"start":{"line":79,"column":4},"end":{"line":92,"column":5}},"17":{"start":{"line":81,"column":6},"end":{"line":85,"column":8}},"18":{"start":{"line":87,"column":6},"end":{"line":91,"column":8}},"19":{"start":{"line":101,"column":9},"end":{"line":101,"column":21}},"20":{"start":{"line":101,"column":55},"end":{"line":116,"column":4}},"21":{"start":{"line":102,"column":4},"end":{"line":115,"column":5}},"22":{"start":{"line":104,"column":6},"end":{"line":108,"column":8}},"23":{"start":{"line":110,"column":6},"end":{"line":114,"column":8}}},"fnMap":{"0":{"name":"(anonymous_7)","decl":{"start":{"line":26,"column":19},"end":{"line":26,"column":26}},"loc":{"start":{"line":26,"column":65},"end":{"line":41,"column":4}}},"1":{"name":"(anonymous_8)","decl":{"start":{"line":26,"column":65},"end":{"line":26,"column":null}},"loc":{"start":{"line":26,"column":65},"end":{"line":41,"column":3}}},"2":{"name":"(anonymous_9)","decl":{"start":{"line":51,"column":22},"end":{"line":51,"column":null}},"loc":{"start":{"line":54,"column":29},"end":{"line":69,"column":4}}},"3":{"name":"(anonymous_10)","decl":{"start":{"line":54,"column":29},"end":{"line":54,"column":null}},"loc":{"start":{"line":54,"column":29},"end":{"line":69,"column":3}}},"4":{"name":"(anonymous_11)","decl":{"start":{"line":78,"column":22},"end":{"line":78,"column":29}},"loc":{"start":{"line":78,"column":68},"end":{"line":93,"column":4}}},"5":{"name":"(anonymous_12)","decl":{"start":{"line":78,"column":68},"end":{"line":78,"column":null}},"loc":{"start":{"line":78,"column":68},"end":{"line":93,"column":3}}},"6":{"name":"(anonymous_13)","decl":{"start":{"line":101,"column":21},"end":{"line":101,"column":53}},"loc":{"start":{"line":101,"column":55},"end":{"line":116,"column":4}}},"7":{"name":"(anonymous_14)","decl":{"start":{"line":101,"column":55},"end":{"line":101,"column":null}},"loc":{"start":{"line":101,"column":55},"end":{"line":116,"column":3}}}},"branchMap":{},"s":{"0":1,"1":1,"2":1,"3":1,"4":1,"5":1,"6":1,"7":1,"8":1,"9":1,"10":1,"11":1,"12":1,"13":1,"14":1,"15":1,"16":1,"17":1,"18":1,"19":1,"20":1,"21":1,"22":1,"23":1},"f":{"0":1,"1":1,"2":1,"3":1,"4":1,"5":1,"6":1,"7":1},"b":{}}
,"/Users/manisha-j/personal-pro/senior-set/ts-express-rest/src/user/controllers/user.controllers.ts": {"path":"/Users/manisha-j/personal-pro/senior-set/ts-express-rest/src/user/controllers/user.controllers.ts","statementMap":{"0":{"start":{"line":12,"column":0},"end":{"line":12,"column":61}},"1":{"start":{"line":13,"column":0},"end":{"line":13,"column":62}},"2":{"start":{"line":14,"column":0},"end":{"line":14,"column":56}},"3":{"start":{"line":15,"column":0},"end":{"line":15,"column":68}},"4":{"start":{"line":18,"column":0},"end":{"line":18,"column":13}},"5":{"start":{"line":27,"column":9},"end":{"line":27,"column":21}},"6":{"start":{"line":27,"column":59},"end":{"line":46,"column":4}},"7":{"start":{"line":28,"column":4},"end":{"line":45,"column":5}},"8":{"start":{"line":29,"column":23},"end":{"line":29,"column":57}},"9":{"start":{"line":30,"column":6},"end":{"line":36,"column":8}},"10":{"start":{"line":38,"column":6},"end":{"line":44,"column":8}},"11":{"start":{"line":55,"column":9},"end":{"line":55,"column":19}},"12":{"start":{"line":55,"column":71},"end":{"line":74,"column":4}},"13":{"start":{"line":56,"column":4},"end":{"line":73,"column":5}},"14":{"start":{"line":57,"column":23},"end":{"line":57,"column":68}},"15":{"start":{"line":58,"column":6},"end":{"line":64,"column":8}},"16":{"start":{"line":66,"column":6},"end":{"line":72,"column":8}},"17":{"start":{"line":84,"column":9},"end":{"line":84,"column":22}},"18":{"start":{"line":84,"column":74},"end":{"line":106,"column":4}},"19":{"start":{"line":85,"column":4},"end":{"line":105,"column":5}},"20":{"start":{"line":86,"column":23},"end":{"line":88,"column":null}},"21":{"start":{"line":90,"column":6},"end":{"line":96,"column":8}},"22":{"start":{"line":98,"column":6},"end":{"line":104,"column":8}},"23":{"start":{"line":116,"column":9},"end":{"line":116,"column":22}},"24":{"start":{"line":116,"column":74},"end":{"line":137,"column":4}},"25":{"start":{"line":117,"column":4},"end":{"line":136,"column":5}},"26":{"start":{"line":118,"column":37},"end":{"line":119,"column":null}},"27":{"start":{"line":121,"column":6},"end":{"line":127,"column":8}},"28":{"start":{"line":129,"column":6},"end":{"line":135,"column":8}},"29":{"start":{"line":147,"column":9},"end":{"line":147,"column":21}},"30":{"start":{"line":147,"column":73},"end":{"line":168,"column":4}},"31":{"start":{"line":148,"column":4},"end":{"line":167,"column":5}},"32":{"start":{"line":149,"column":37},"end":{"line":150,"column":null}},"33":{"start":{"line":152,"column":6},"end":{"line":158,"column":8}},"34":{"start":{"line":160,"column":6},"end":{"line":166,"column":8}}},"fnMap":{"0":{"name":"(anonymous_7)","decl":{"start":{"line":27,"column":21},"end":{"line":27,"column":28}},"loc":{"start":{"line":27,"column":59},"end":{"line":46,"column":4}}},"1":{"name":"(anonymous_8)","decl":{"start":{"line":27,"column":59},"end":{"line":27,"column":null}},"loc":{"start":{"line":27,"column":59},"end":{"line":46,"column":3}}},"2":{"name":"(anonymous_9)","decl":{"start":{"line":55,"column":19},"end":{"line":55,"column":26}},"loc":{"start":{"line":55,"column":71},"end":{"line":74,"column":4}}},"3":{"name":"(anonymous_10)","decl":{"start":{"line":55,"column":71},"end":{"line":55,"column":null}},"loc":{"start":{"line":55,"column":71},"end":{"line":74,"column":3}}},"4":{"name":"(anonymous_11)","decl":{"start":{"line":84,"column":22},"end":{"line":84,"column":29}},"loc":{"start":{"line":84,"column":74},"end":{"line":106,"column":4}}},"5":{"name":"(anonymous_12)","decl":{"start":{"line":84,"column":74},"end":{"line":84,"column":null}},"loc":{"start":{"line":84,"column":74},"end":{"line":106,"column":3}}},"6":{"name":"(anonymous_13)","decl":{"start":{"line":116,"column":22},"end":{"line":116,"column":29}},"loc":{"start":{"line":116,"column":74},"end":{"line":137,"column":4}}},"7":{"name":"(anonymous_14)","decl":{"start":{"line":116,"column":74},"end":{"line":116,"column":null}},"loc":{"start":{"line":116,"column":74},"end":{"line":137,"column":3}}},"8":{"name":"(anonymous_15)","decl":{"start":{"line":147,"column":21},"end":{"line":147,"column":28}},"loc":{"start":{"line":147,"column":73},"end":{"line":168,"column":4}}},"9":{"name":"(anonymous_16)","decl":{"start":{"line":147,"column":73},"end":{"line":147,"column":null}},"loc":{"start":{"line":147,"column":73},"end":{"line":168,"column":3}}}},"branchMap":{},"s":{"0":1,"1":1,"2":1,"3":1,"4":1,"5":1,"6":0,"7":0,"8":0,"9":0,"10":0,"11":1,"12":2,"13":2,"14":2,"15":1,"16":1,"17":1,"18":2,"19":2,"20":2,"21":0,"22":2,"23":1,"24":2,"25":2,"26":2,"27":1,"28":1,"29":1,"30":2,"31":2,"32":2,"33":2,"34":0},"f":{"0":0,"1":0,"2":2,"3":2,"4":2,"5":2,"6":2,"7":2,"8":2,"9":2},"b":{}}
,"/Users/manisha-j/personal-pro/senior-set/ts-express-rest/src/user/models/user.model.ts": {"path":"/Users/manisha-j/personal-pro/senior-set/ts-express-rest/src/user/models/user.model.ts","statementMap":{"0":{"start":{"line":2,"column":0},"end":{"line":2,"column":54}},"1":{"start":{"line":12,"column":19},"end":{"line":18,"column":2}},"2":{"start":{"line":20,"column":0},"end":{"line":20,"column":57}}},"fnMap":{},"branchMap":{},"s":{"0":1,"1":1,"2":1},"f":{},"b":{}}
,"/Users/manisha-j/personal-pro/senior-set/ts-express-rest/src/user/routes/user.routes.ts": {"path":"/Users/manisha-j/personal-pro/senior-set/ts-express-rest/src/user/routes/user.routes.ts","statementMap":{"0":{"start":{"line":12,"column":0},"end":{"line":12,"column":33}},"1":{"start":{"line":13,"column":19},"end":{"line":13,"column":27}},"2":{"start":{"line":15,"column":0},"end":{"line":15,"column":63}},"3":{"start":{"line":16,"column":0},"end":{"line":16,"column":65}},"4":{"start":{"line":117,"column":0},"end":{"line":117,"column":75}},"5":{"start":{"line":217,"column":0},"end":{"line":217,"column":79}},"6":{"start":{"line":290,"column":0},"end":{"line":293,"column":2}},"7":{"start":{"line":359,"column":0},"end":{"line":359,"column":76}},"8":{"start":{"line":441,"column":0},"end":{"line":441,"column":73}},"9":{"start":{"line":443,"column":0},"end":{"line":443,"column":26}}},"fnMap":{},"branchMap":{},"s":{"0":1,"1":1,"2":1,"3":1,"4":1,"5":1,"6":1,"7":1,"8":1,"9":1},"f":{},"b":{}}
,"/Users/manisha-j/personal-pro/senior-set/ts-express-rest/src/user/services/user.services.ts": {"path":"/Users/manisha-j/personal-pro/senior-set/ts-express-rest/src/user/services/user.services.ts","statementMap":{"0":{"start":{"line":12,"column":0},"end":{"line":12,"column":28}},"1":{"start":{"line":14,"column":0},"end":{"line":14,"column":31}},"2":{"start":{"line":15,"column":0},"end":{"line":15,"column":40}},"3":{"start":{"line":16,"column":0},"end":{"line":16,"column":68}},"4":{"start":{"line":17,"column":0},"end":{"line":17,"column":61}},"5":{"start":{"line":18,"column":0},"end":{"line":18,"column":62}},"6":{"start":{"line":20,"column":0},"end":{"line":20,"column":62}},"7":{"start":{"line":22,"column":25},"end":{"line":22,"column":48}},"8":{"start":{"line":23,"column":24},"end":{"line":23,"column":46}},"9":{"start":{"line":24,"column":24},"end":{"line":24,"column":46}},"10":{"start":{"line":26,"column":0},"end":{"line":26,"column":13}},"11":{"start":{"line":34,"column":9},"end":{"line":34,"column":29}},"12":{"start":{"line":34,"column":63},"end":{"line":76,"column":4}},"13":{"start":{"line":35,"column":4},"end":{"line":75,"column":5}},"14":{"start":{"line":36,"column":64},"end":{"line":36,"column":68}},"15":{"start":{"line":37,"column":26},"end":{"line":37,"column":28}},"16":{"start":{"line":38,"column":22},"end":{"line":38,"column":24}},"17":{"start":{"line":39,"column":6},"end":{"line":52,"column":9}},"18":{"start":{"line":39,"column":71},"end":{"line":52,"column":8}},"19":{"start":{"line":40,"column":8},"end":{"line":51,"column":9}},"20":{"start":{"line":41,"column":10},"end":{"line":41,"column":20}},"21":{"start":{"line":43,"column":10},"end":{"line":49,"column":13}},"22":{"start":{"line":50,"column":10},"end":{"line":50,"column":28}},"23":{"start":{"line":53,"column":20},"end":{"line":56,"column":null}},"24":{"start":{"line":58,"column":6},"end":{"line":62,"column":8}},"25":{"start":{"line":63,"column":6},"end":{"line":67,"column":8}},"26":{"start":{"line":69,"column":6},"end":{"line":69,"column":25}},"27":{"start":{"line":70,"column":6},"end":{"line":74,"column":8}},"28":{"start":{"line":84,"column":9},"end":{"line":84,"column":26}},"29":{"start":{"line":84,"column":51},"end":{"line":109,"column":4}},"30":{"start":{"line":85,"column":4},"end":{"line":108,"column":5}},"31":{"start":{"line":86,"column":20},"end":{"line":94,"column":null}},"32":{"start":{"line":96,"column":6},"end":{"line":100,"column":8}},"33":{"start":{"line":102,"column":6},"end":{"line":102,"column":25}},"34":{"start":{"line":103,"column":6},"end":{"line":107,"column":8}},"35":{"start":{"line":118,"column":9},"end":{"line":118,"column":34}},"36":{"start":{"line":118,"column":68},"end":{"line":134,"column":4}},"37":{"start":{"line":119,"column":4},"end":{"line":133,"column":5}},"38":{"start":{"line":120,"column":26},"end":{"line":120,"column":71}},"39":{"start":{"line":121,"column":23},"end":{"line":121,"column":47}},"40":{"start":{"line":122,"column":6},"end":{"line":126,"column":8}},"41":{"start":{"line":128,"column":6},"end":{"line":132,"column":8}},"42":{"start":{"line":143,"column":9},"end":{"line":143,"column":34}},"43":{"start":{"line":143,"column":68},"end":{"line":162,"column":4}},"44":{"start":{"line":144,"column":4},"end":{"line":161,"column":5}},"45":{"start":{"line":145,"column":26},"end":{"line":147,"column":null}},"46":{"start":{"line":149,"column":23},"end":{"line":149,"column":47}},"47":{"start":{"line":150,"column":6},"end":{"line":154,"column":8}},"48":{"start":{"line":156,"column":6},"end":{"line":160,"column":8}},"49":{"start":{"line":171,"column":9},"end":{"line":171,"column":27}},"50":{"start":{"line":171,"column":61},"end":{"line":212,"column":4}},"51":{"start":{"line":172,"column":4},"end":{"line":211,"column":5}},"52":{"start":{"line":173,"column":37},"end":{"line":173,"column":41}},"53":{"start":{"line":174,"column":19},"end":{"line":174,"column":61}},"54":{"start":{"line":175,"column":6},"end":{"line":181,"column":7}},"55":{"start":{"line":176,"column":8},"end":{"line":180,"column":10}},"56":{"start":{"line":182,"column":6},"end":{"line":188,"column":7}},"57":{"start":{"line":183,"column":8},"end":{"line":187,"column":10}},"58":{"start":{"line":189,"column":20},"end":{"line":192,"column":null}},"59":{"start":{"line":195,"column":34},"end":{"line":199,"column":8}},"60":{"start":{"line":200,"column":6},"end":{"line":204,"column":8}},"61":{"start":{"line":206,"column":6},"end":{"line":210,"column":8}}},"fnMap":{"0":{"name":"(anonymous_8)","decl":{"start":{"line":34,"column":29},"end":{"line":34,"column":36}},"loc":{"start":{"line":34,"column":63},"end":{"line":76,"column":4}}},"1":{"name":"(anonymous_9)","decl":{"start":{"line":34,"column":63},"end":{"line":34,"column":null}},"loc":{"start":{"line":34,"column":63},"end":{"line":76,"column":3}}},"2":{"name":"(anonymous_10)","decl":{"start":{"line":39,"column":51},"end":{"line":39,"column":58}},"loc":{"start":{"line":39,"column":71},"end":{"line":52,"column":8}}},"3":{"name":"(anonymous_11)","decl":{"start":{"line":39,"column":71},"end":{"line":39,"column":null}},"loc":{"start":{"line":39,"column":71},"end":{"line":52,"column":7}}},"4":{"name":"(anonymous_12)","decl":{"start":{"line":84,"column":26},"end":{"line":84,"column":49}},"loc":{"start":{"line":84,"column":51},"end":{"line":109,"column":4}}},"5":{"name":"(anonymous_13)","decl":{"start":{"line":84,"column":51},"end":{"line":84,"column":null}},"loc":{"start":{"line":84,"column":51},"end":{"line":109,"column":3}}},"6":{"name":"(anonymous_14)","decl":{"start":{"line":118,"column":34},"end":{"line":118,"column":41}},"loc":{"start":{"line":118,"column":68},"end":{"line":134,"column":4}}},"7":{"name":"(anonymous_15)","decl":{"start":{"line":118,"column":68},"end":{"line":118,"column":null}},"loc":{"start":{"line":118,"column":68},"end":{"line":134,"column":3}}},"8":{"name":"(anonymous_16)","decl":{"start":{"line":143,"column":34},"end":{"line":143,"column":41}},"loc":{"start":{"line":143,"column":68},"end":{"line":162,"column":4}}},"9":{"name":"(anonymous_17)","decl":{"start":{"line":143,"column":68},"end":{"line":143,"column":null}},"loc":{"start":{"line":143,"column":68},"end":{"line":162,"column":3}}},"10":{"name":"(anonymous_18)","decl":{"start":{"line":171,"column":27},"end":{"line":171,"column":34}},"loc":{"start":{"line":171,"column":61},"end":{"line":212,"column":4}}},"11":{"name":"(anonymous_19)","decl":{"start":{"line":171,"column":61},"end":{"line":171,"column":null}},"loc":{"start":{"line":171,"column":61},"end":{"line":212,"column":3}}}},"branchMap":{"0":{"loc":{"start":{"line":40,"column":8},"end":{"line":51,"column":9}},"type":"if","locations":[{"start":{"line":40,"column":8},"end":{"line":51,"column":9}},{"start":{"line":42,"column":15},"end":{"line":51,"column":9}}]},"1":{"loc":{"start":{"line":175,"column":6},"end":{"line":181,"column":7}},"type":"if","locations":[{"start":{"line":175,"column":6},"end":{"line":181,"column":7}}]},"2":{"loc":{"start":{"line":182,"column":6},"end":{"line":188,"column":7}},"type":"if","locations":[{"start":{"line":182,"column":6},"end":{"line":188,"column":7}}]}},"s":{"0":1,"1":1,"2":1,"3":1,"4":1,"5":1,"6":1,"7":1,"8":1,"9":1,"10":1,"11":1,"12":1,"13":1,"14":1,"15":1,"16":1,"17":1,"18":0,"19":0,"20":0,"21":0,"22":0,"23":1,"24":1,"25":1,"26":1,"27":1,"28":1,"29":1,"30":1,"31":1,"32":0,"33":1,"34":1,"35":1,"36":2,"37":2,"38":2,"39":2,"40":2,"41":2,"42":1,"43":1,"44":1,"45":1,"46":1,"47":1,"48":1,"49":1,"50":1,"51":1,"52":1,"53":1,"54":1,"55":1,"56":0,"57":0,"58":0,"59":0,"60":0,"61":0},"f":{"0":1,"1":1,"2":0,"3":0,"4":1,"5":1,"6":2,"7":2,"8":1,"9":1,"10":1,"11":1},"b":{"0":[0,0],"1":[1],"2":[0]}}
}
