TN:
SF:src/index.ts
FN:27,(anonymous_8)
FN:42,(anonymous_9)
FN:42,(anonymous_10)
FN:48,(anonymous_11)
FNF:4
FNH:1
FNDA:2,(anonymous_8)
FNDA:0,(anonymous_9)
FNDA:0,(anonymous_10)
FNDA:0,(anonymous_11)
DA:15,1
DA:16,1
DA:17,1
DA:18,1
DA:19,1
DA:20,1
DA:21,1
DA:22,1
DA:23,1
DA:25,1
DA:27,1
DA:28,2
DA:29,2
DA:31,2
DA:32,2
DA:34,2
DA:35,2
DA:36,2
DA:42,2
DA:43,0
DA:44,0
DA:48,1
DA:49,0
DA:52,1
LF:24
LH:21
BRDA:48,0,0,1
BRDA:48,0,1,0
BRF:2
BRH:1
end_of_record
TN:
SF:src/common/config/constants.ts
FNF:0
FNH:0
DA:11,1
DA:13,1
DA:15,1
DA:16,1
DA:38,1
DA:46,1
DA:47,1
DA:48,1
DA:49,1
LF:9
LH:9
BRF:0
BRH:0
end_of_record
TN:
SF:src/common/config/messages.ts
FNF:0
FNH:0
DA:11,4
DA:12,4
LF:2
LH:2
BRF:0
BRH:0
end_of_record
TN:
SF:src/common/config/status-codes.ts
FNF:0
FNH:0
DA:11,4
DA:12,4
LF:2
LH:2
BRF:0
BRH:0
end_of_record
TN:
SF:src/common/middleware/auth/auth.middleware.ts
FN:27,(anonymous_1)
FN:54,(anonymous_2)
FNF:2
FNH:2
FNDA:3,(anonymous_1)
FNDA:1,(anonymous_2)
DA:11,1
DA:12,1
DA:13,1
DA:14,1
DA:16,1
DA:18,1
DA:27,1
DA:28,3
DA:29,3
DA:30,1
DA:38,2
DA:39,2
DA:40,1
DA:41,1
DA:43,1
DA:44,1
DA:54,1
DA:56,1
LF:18
LH:18
BRDA:29,0,0,1
BRF:1
BRH:1
end_of_record
TN:
SF:src/common/utils/format-repsonse.ts
FN:28,(anonymous_7)
FN:34,(anonymous_8)
FN:66,(anonymous_9)
FN:86,(anonymous_10)
FNF:4
FNH:2
FNDA:2,(anonymous_7)
FNDA:2,(anonymous_8)
FNDA:0,(anonymous_9)
FNDA:0,(anonymous_10)
DA:13,1
DA:14,1
DA:17,1
DA:28,1
DA:34,2
DA:35,2
DA:36,2
DA:37,2
DA:43,0
DA:50,0
DA:66,1
DA:71,0
DA:86,1
DA:91,0
LF:14
LH:10
BRDA:36,0,0,2
BRF:1
BRH:1
end_of_record
TN:
SF:src/common/utils/logger.ts
FN:45,(anonymous_7)
FN:78,(anonymous_8)
FNF:2
FNH:0
FNDA:0,(anonymous_7)
FNDA:0,(anonymous_8)
DA:13,0
DA:14,0
DA:16,0
DA:36,0
DA:45,0
DA:52,0
DA:54,0
DA:55,0
DA:56,0
DA:57,0
DA:58,0
DA:59,0
DA:61,0
DA:63,0
DA:67,0
DA:78,0
DA:79,0
DA:81,0
LF:18
LH:0
BRDA:47,0,0,0
BRDA:48,1,0,0
BRDA:49,2,0,0
BRDA:50,3,0,0
BRDA:51,4,0,0
BRDA:57,5,0,0
BRDA:57,5,1,0
BRDA:58,6,0,0
BRDA:58,6,1,0
BRDA:58,7,0,0
BRDA:58,7,1,0
BRDA:58,8,0,0
BRDA:58,8,1,0
BRDA:58,9,0,0
BRDA:58,9,1,0
BRDA:58,10,0,0
BRDA:58,10,1,0
BRF:17
BRH:0
end_of_record
TN:
SF:src/common/utils/mongo-db.ts
FN:25,(anonymous_8)
FN:25,(anonymous_9)
FN:29,(anonymous_10)
FN:32,(anonymous_11)
FNF:4
FNH:0
FNDA:0,(anonymous_8)
FNDA:0,(anonymous_9)
FNDA:0,(anonymous_10)
FNDA:0,(anonymous_11)
DA:13,0
DA:15,0
DA:17,0
DA:19,0
DA:25,0
DA:26,0
DA:27,0
DA:30,0
DA:33,0
DA:36,0
DA:37,0
LF:11
LH:0
BRF:0
BRH:0
end_of_record
TN:
SF:src/template/controllers/template.controllers.ts
FN:28,(anonymous_7)
FN:28,(anonymous_8)
FN:51,(anonymous_9)
FN:51,(anonymous_10)
FN:82,(anonymous_11)
FN:82,(anonymous_12)
FN:111,(anonymous_13)
FN:111,(anonymous_14)
FN:142,(anonymous_15)
FN:142,(anonymous_16)
FNF:10
FNH:10
FNDA:1,(anonymous_7)
FNDA:1,(anonymous_8)
FNDA:2,(anonymous_9)
FNDA:2,(anonymous_10)
FNDA:2,(anonymous_11)
FNDA:2,(anonymous_12)
FNDA:2,(anonymous_13)
FNDA:2,(anonymous_14)
FNDA:2,(anonymous_15)
FNDA:2,(anonymous_16)
DA:13,1
DA:14,1
DA:15,1
DA:16,1
DA:19,1
DA:28,1
DA:29,1
DA:30,1
DA:36,0
DA:51,2
DA:52,2
DA:53,2
DA:56,1
DA:64,1
DA:82,2
DA:83,2
DA:84,2
DA:85,2
DA:93,0
DA:111,2
DA:112,2
DA:113,2
DA:116,1
DA:124,1
DA:142,2
DA:143,2
DA:144,2
DA:148,0
DA:156,2
LF:29
LH:26
BRF:0
BRH:0
end_of_record
TN:
SF:src/template/routes/template.routes.ts
FNF:0
FNH:0
DA:12,1
DA:13,1
DA:14,1
DA:15,1
DA:82,1
DA:168,1
DA:259,1
DA:337,1
DA:342,1
LF:9
LH:9
BRF:0
BRH:0
end_of_record
TN:
SF:src/template/services/template.services.ts
FN:26,(anonymous_7)
FN:26,(anonymous_8)
FN:51,(anonymous_9)
FN:54,(anonymous_10)
FN:78,(anonymous_11)
FN:78,(anonymous_12)
FN:101,(anonymous_13)
FN:101,(anonymous_14)
FNF:8
FNH:8
FNDA:1,(anonymous_7)
FNDA:1,(anonymous_8)
FNDA:1,(anonymous_9)
FNDA:1,(anonymous_10)
FNDA:1,(anonymous_11)
FNDA:1,(anonymous_12)
FNDA:1,(anonymous_13)
FNDA:1,(anonymous_14)
DA:13,1
DA:14,1
DA:16,1
DA:18,1
DA:26,1
DA:27,1
DA:29,1
DA:35,1
DA:51,1
DA:54,1
DA:55,1
DA:57,1
DA:63,1
DA:78,1
DA:79,1
DA:81,1
DA:87,1
DA:101,1
DA:102,1
DA:104,1
DA:110,1
LF:21
LH:21
BRF:0
BRH:0
end_of_record
TN:
SF:src/user/controllers/user.controllers.ts
FN:27,(anonymous_7)
FN:27,(anonymous_8)
FN:56,(anonymous_9)
FN:56,(anonymous_10)
FN:88,(anonymous_11)
FN:88,(anonymous_12)
FN:119,(anonymous_13)
FN:119,(anonymous_14)
FNF:8
FNH:8
FNDA:2,(anonymous_7)
FNDA:2,(anonymous_8)
FNDA:2,(anonymous_9)
FNDA:2,(anonymous_10)
FNDA:2,(anonymous_11)
FNDA:2,(anonymous_12)
FNDA:2,(anonymous_13)
FNDA:2,(anonymous_14)
DA:12,1
DA:13,1
DA:14,1
DA:15,1
DA:18,1
DA:27,2
DA:28,2
DA:29,2
DA:30,1
DA:38,1
DA:56,2
DA:57,2
DA:58,2
DA:62,0
DA:70,2
DA:88,2
DA:89,2
DA:90,2
DA:93,1
DA:101,1
DA:119,2
DA:120,2
DA:121,2
DA:124,2
DA:132,0
LF:25
LH:23
BRF:0
BRH:0
end_of_record
TN:
SF:src/user/models/user.model.ts
FNF:0
FNH:0
DA:2,0
DA:12,0
DA:20,0
LF:3
LH:0
BRF:0
BRH:0
end_of_record
TN:
SF:src/user/routes/user.routes.ts
FNF:0
FNH:0
DA:12,0
DA:13,0
DA:15,0
DA:16,0
DA:117,0
DA:217,0
DA:290,0
DA:294,0
DA:296,0
LF:9
LH:0
BRF:0
BRH:0
end_of_record
TN:
SF:src/user/services/user.services.ts
FN:27,(anonymous_8)
FN:27,(anonymous_9)
FN:32,(anonymous_10)
FN:32,(anonymous_11)
FN:71,(anonymous_12)
FN:71,(anonymous_13)
FN:89,(anonymous_14)
FN:89,(anonymous_15)
FN:110,(anonymous_16)
FN:110,(anonymous_17)
FNF:10
FNH:0
FNDA:0,(anonymous_8)
FNDA:0,(anonymous_9)
FNDA:0,(anonymous_10)
FNDA:0,(anonymous_11)
FNDA:0,(anonymous_12)
FNDA:0,(anonymous_13)
FNDA:0,(anonymous_14)
FNDA:0,(anonymous_15)
FNDA:0,(anonymous_16)
FNDA:0,(anonymous_17)
DA:12,0
DA:14,0
DA:15,0
DA:16,0
DA:17,0
DA:18,0
DA:20,0
DA:22,0
DA:23,0
DA:24,0
DA:26,0
DA:27,0
DA:28,0
DA:29,0
DA:30,0
DA:31,0
DA:32,0
DA:33,0
DA:34,0
DA:36,0
DA:43,0
DA:46,0
DA:51,0
DA:56,0
DA:62,0
DA:63,0
DA:71,0
DA:72,0
DA:73,0
DA:74,0
DA:75,0
DA:81,0
DA:89,0
DA:90,0
DA:91,0
DA:95,0
DA:96,0
DA:102,0
DA:110,0
DA:111,0
DA:112,0
DA:113,0
DA:114,0
DA:115,0
DA:121,0
DA:122,0
DA:128,0
DA:134,0
DA:139,0
DA:145,0
LF:50
LH:0
BRDA:33,0,0,0
BRDA:33,0,1,0
BRDA:114,1,0,0
BRDA:121,2,0,0
BRF:4
BRH:0
end_of_record
